[01m[K/home/prez/git/humble-lidar/src/cplusplus_laser_map/src/reading_laser.cpp:22:3:[m[K [01;31m[Kerror: [m[Kinvalid use of template-name â€˜[01m[Krclcpp::Subscription[m[Kâ€™ without an argument list
   22 |   [01;31m[Krclcpp[m[K::Subscription::SharedPtr subscription_;
      |   [01;31m[K^~~~~~[m[K
[01m[K/home/prez/git/humble-lidar/src/cplusplus_laser_map/src/reading_laser.cpp:22:25:[m[K [01;31m[Kerror: [m[Kexpected â€˜[01m[K;[m[Kâ€™ at end of member declaration
   22 |   rclcpp::Subscription::[01;31m[KSharedPtr[m[K subscription_;
      |                         [01;31m[K^~~~~~~~~[m[K
      |                                  [32m[K;[m[K
[01m[K/home/prez/git/humble-lidar/src/cplusplus_laser_map/src/reading_laser.cpp:22:35:[m[K [01;31m[Kerror: [m[Kâ€˜[01m[Ksubscription_[m[Kâ€™ does not name a type; did you mean â€˜[01m[Krmw_subscription_t[m[Kâ€™?
   22 |   rclcpp::Subscription::SharedPtr [01;31m[Ksubscription_[m[K;
      |                                   [01;31m[K^~~~~~~~~~~~~[m[K
      |                                   [32m[Krmw_subscription_t[m[K
[01m[K/home/prez/git/humble-lidar/src/cplusplus_laser_map/src/reading_laser.cpp:[m[K In constructor â€˜[01m[KReadingLaser::ReadingLaser()[m[Kâ€™:
[01m[K/home/prez/git/humble-lidar/src/cplusplus_laser_map/src/reading_laser.cpp:13:7:[m[K [01;31m[Kerror: [m[Kâ€˜[01m[Ksubscription_[m[Kâ€™ was not declared in this scope; did you mean â€˜[01m[Krmw_subscription_t[m[Kâ€™?
   13 |       [01;31m[Ksubscription_[m[K = this->create_subscription<sensor_msgs::msg::LaserScan>(
      |       [01;31m[K^~~~~~~~~~~~~[m[K
      |       [32m[Krmw_subscription_t[m[K
gmake[2]: *** [CMakeFiles/reading_laser.dir/build.make:76: CMakeFiles/reading_laser.dir/src/reading_laser.cpp.o] Error 1
gmake[1]: *** [CMakeFiles/Makefile2:137: CMakeFiles/reading_laser.dir/all] Error 2
gmake: *** [Makefile:146: all] Error 2
