[1.118s] Invoking command in '/home/prez/git/humble-lidar/build/cplusplus_laser_map': CMAKE_PREFIX_PATH=${CMAKE_PREFIX_PATH}:/home/prez/git/c++lidar-project/install/py_pubsub:/home/prez/git/c++lidar-project/install/motor_package:/home/prez/git/c++lidar-project/install/ir_package:/home/prez/ros2_ws/install/py_pubsub:/home/prez/ros2_ws/install/my_package:/home/prez/ros2_ws/install/launch_testing_examples:/home/prez/ros2_ws/install/examples_rclpy_pointcloud_publisher:/home/prez/ros2_ws/install/examples_rclpy_minimal_subscriber:/home/prez/ros2_ws/install/examples_rclpy_minimal_service:/home/prez/ros2_ws/install/examples_rclpy_minimal_publisher:/home/prez/ros2_ws/install/examples_rclpy_minimal_client:/home/prez/ros2_ws/install/examples_rclpy_minimal_action_server:/home/prez/ros2_ws/install/examples_rclpy_minimal_action_client:/home/prez/ros2_ws/install/examples_rclpy_guard_conditions:/home/prez/ros2_ws/install/examples_rclpy_executors:/opt/ros/humble /usr/bin/cmake /home/prez/git/humble-lidar/src/cplusplus_laser_map -DCMAKE_INSTALL_PREFIX=/home/prez/git/humble-lidar/install/cplusplus_laser_map
[1.932s] -- The C compiler identification is GNU 11.4.0
[2.887s] -- The CXX compiler identification is GNU 11.4.0
[2.994s] -- Detecting C compiler ABI info
[4.239s] -- Detecting C compiler ABI info - done
[4.325s] -- Check for working C compiler: /usr/bin/cc - skipped
[4.331s] -- Detecting C compile features
[4.343s] -- Detecting C compile features - done
[4.376s] -- Detecting CXX compiler ABI info
[5.621s] -- Detecting CXX compiler ABI info - done
[5.739s] -- Check for working CXX compiler: /usr/bin/c++ - skipped
[5.743s] -- Detecting CXX compile features
[5.751s] -- Detecting CXX compile features - done
[6.003s] -- Found ament_cmake: 1.3.5 (/opt/ros/humble/share/ament_cmake/cmake)
[11.652s] -- Found Python3: /usr/bin/python3.10 (found version "3.10.12") found components: Interpreter 
[14.331s] -- Found rclcpp: 16.0.6 (/opt/ros/humble/share/rclcpp/cmake)
[16.805s] -- Found rosidl_generator_c: 3.1.5 (/opt/ros/humble/share/rosidl_generator_c/cmake)
[17.201s] -- Found rosidl_adapter: 3.1.5 (/opt/ros/humble/share/rosidl_adapter/cmake)
[17.643s] -- Found rosidl_generator_cpp: 3.1.5 (/opt/ros/humble/share/rosidl_generator_cpp/cmake)
[18.170s] -- Using all available rosidl_typesupport_c: rosidl_typesupport_fastrtps_c;rosidl_typesupport_introspection_c
[18.912s] -- Using all available rosidl_typesupport_cpp: rosidl_typesupport_fastrtps_cpp;rosidl_typesupport_introspection_cpp
[21.290s] -- Found rmw_implementation_cmake: 6.1.1 (/opt/ros/humble/share/rmw_implementation_cmake/cmake)
[21.491s] -- Found rmw_fastrtps_cpp: 6.2.4 (/opt/ros/humble/share/rmw_fastrtps_cpp/cmake)
[22.971s] -- Found OpenSSL: /usr/lib/aarch64-linux-gnu/libcrypto.so (found version "3.0.2")  
[23.282s] -- Found FastRTPS: /opt/ros/humble/include  
[23.805s] -- Using RMW implementation 'rmw_fastrtps_cpp' as default
[24.003s] -- Looking for pthread.h
[24.419s] -- Looking for pthread.h - found
[24.422s] -- Performing Test CMAKE_HAVE_LIBC_PTHREAD
[25.461s] -- Performing Test CMAKE_HAVE_LIBC_PTHREAD - Success
[25.481s] -- Found Threads: TRUE  
[28.202s] -- Found sensor_msgs: 4.2.3 (/opt/ros/humble/share/sensor_msgs/cmake)
[30.037s] -- Found ament_lint_auto: 0.12.8 (/opt/ros/humble/share/ament_lint_auto/cmake)
[32.333s] -- Added test 'cppcheck' to perform static code analysis on C / C++ code
[32.335s] -- Configured cppcheck include dirs: 
[32.336s] -- Configured cppcheck exclude dirs and/or files: 
[32.362s] -- Added test 'lint_cmake' to check CMake code style
[32.397s] -- Added test 'uncrustify' to check C / C++ code style
[32.403s] -- Configured uncrustify additional arguments: 
[32.422s] -- Added test 'xmllint' to check XML markup files
[32.477s] -- Configuring done
[32.671s] -- Generating done
[32.697s] -- Build files have been written to: /home/prez/git/humble-lidar/build/cplusplus_laser_map
[32.812s] Invoked command in '/home/prez/git/humble-lidar/build/cplusplus_laser_map' returned '0': CMAKE_PREFIX_PATH=${CMAKE_PREFIX_PATH}:/home/prez/git/c++lidar-project/install/py_pubsub:/home/prez/git/c++lidar-project/install/motor_package:/home/prez/git/c++lidar-project/install/ir_package:/home/prez/ros2_ws/install/py_pubsub:/home/prez/ros2_ws/install/my_package:/home/prez/ros2_ws/install/launch_testing_examples:/home/prez/ros2_ws/install/examples_rclpy_pointcloud_publisher:/home/prez/ros2_ws/install/examples_rclpy_minimal_subscriber:/home/prez/ros2_ws/install/examples_rclpy_minimal_service:/home/prez/ros2_ws/install/examples_rclpy_minimal_publisher:/home/prez/ros2_ws/install/examples_rclpy_minimal_client:/home/prez/ros2_ws/install/examples_rclpy_minimal_action_server:/home/prez/ros2_ws/install/examples_rclpy_minimal_action_client:/home/prez/ros2_ws/install/examples_rclpy_guard_conditions:/home/prez/ros2_ws/install/examples_rclpy_executors:/opt/ros/humble /usr/bin/cmake /home/prez/git/humble-lidar/src/cplusplus_laser_map -DCMAKE_INSTALL_PREFIX=/home/prez/git/humble-lidar/install/cplusplus_laser_map
[32.819s] Invoking command in '/home/prez/git/humble-lidar/build/cplusplus_laser_map': CMAKE_PREFIX_PATH=${CMAKE_PREFIX_PATH}:/home/prez/git/c++lidar-project/install/py_pubsub:/home/prez/git/c++lidar-project/install/motor_package:/home/prez/git/c++lidar-project/install/ir_package:/home/prez/ros2_ws/install/py_pubsub:/home/prez/ros2_ws/install/my_package:/home/prez/ros2_ws/install/launch_testing_examples:/home/prez/ros2_ws/install/examples_rclpy_pointcloud_publisher:/home/prez/ros2_ws/install/examples_rclpy_minimal_subscriber:/home/prez/ros2_ws/install/examples_rclpy_minimal_service:/home/prez/ros2_ws/install/examples_rclpy_minimal_publisher:/home/prez/ros2_ws/install/examples_rclpy_minimal_client:/home/prez/ros2_ws/install/examples_rclpy_minimal_action_server:/home/prez/ros2_ws/install/examples_rclpy_minimal_action_client:/home/prez/ros2_ws/install/examples_rclpy_guard_conditions:/home/prez/ros2_ws/install/examples_rclpy_executors:/opt/ros/humble /usr/bin/cmake --build /home/prez/git/humble-lidar/build/cplusplus_laser_map -- -j4 -l4
[33.471s] [ 50%] [32mBuilding CXX object CMakeFiles/reading_laser.dir/src/reading_laser.cpp.o[0m
[45.560s] [01m[K/home/prez/git/humble-lidar/src/cplusplus_laser_map/src/reading_laser.cpp:23:3:[m[K [01;31m[Kerror: [m[Kinvalid use of template-name â€˜[01m[Krclcpp::Subscription[m[Kâ€™ without an argument list
[45.560s]    23 |   [01;31m[Krclcpp[m[K::Subscription::SharedPtr subscription_;
[45.561s]       |   [01;31m[K^~~~~~[m[K
[45.561s] [01m[K/home/prez/git/humble-lidar/src/cplusplus_laser_map/src/reading_laser.cpp:23:25:[m[K [01;31m[Kerror: [m[Kexpected â€˜[01m[K;[m[Kâ€™ at end of member declaration
[45.562s]    23 |   rclcpp::Subscription::[01;31m[KSharedPtr[m[K subscription_;
[45.562s]       |                         [01;31m[K^~~~~~~~~[m[K
[45.563s]       |                                  [32m[K;[m[K
[45.567s] [01m[K/home/prez/git/humble-lidar/src/cplusplus_laser_map/src/reading_laser.cpp:23:35:[m[K [01;31m[Kerror: [m[Kâ€˜[01m[Ksubscription_[m[Kâ€™ does not name a type; did you mean â€˜[01m[Krmw_subscription_t[m[Kâ€™?
[45.568s]    23 |   rclcpp::Subscription::SharedPtr [01;31m[Ksubscription_[m[K;
[45.568s]       |                                   [01;31m[K^~~~~~~~~~~~~[m[K
[45.568s]       |                                   [32m[Krmw_subscription_t[m[K
[45.633s] [01m[K/home/prez/git/humble-lidar/src/cplusplus_laser_map/src/reading_laser.cpp:[m[K In constructor â€˜[01m[KReadingLaser::ReadingLaser()[m[Kâ€™:
[45.635s] [01m[K/home/prez/git/humble-lidar/src/cplusplus_laser_map/src/reading_laser.cpp:13:5:[m[K [01;31m[Kerror: [m[Kâ€˜[01m[Ksubscription_[m[Kâ€™ was not declared in this scope; did you mean â€˜[01m[Krmw_subscription_t[m[Kâ€™?
[45.636s]    13 |     [01;31m[Ksubscription_[m[K = this->create_subscription(
[45.638s]       |     [01;31m[K^~~~~~~~~~~~~[m[K
[45.639s]       |     [32m[Krmw_subscription_t[m[K
[45.683s] [01m[K/home/prez/git/humble-lidar/src/cplusplus_laser_map/src/reading_laser.cpp:13:46:[m[K [01;31m[Kerror: [m[Kno matching function for call to â€˜[01m[KReadingLaser::create_subscription(const char [5], rclcpp::QoS&, std::_Bind_helper<false, void (ReadingLaser::*)(std::shared_ptr<sensor_msgs::msg::LaserScan_<std::allocator<void> > >), ReadingLaser*, const std::_Placeholder<1>&>::type)[m[Kâ€™
[45.684s]    13 |     subscription_ = [01;31m[Kthis->create_subscription([m[K
[45.685s]       |                     [01;31m[K~~~~~~~~~~~~~~~~~~~~~~~~~^[m[K
[45.687s]    14 | [01;31m[K        "scan", default_qos,[m[K
[45.688s]       |         [01;31m[K~~~~~~~~~~~~~~~~~~~~[m[K                  
[45.689s]    15 | [01;31m[K        std::bind(&ReadingLaser::topic_callback, this, _1))[m[K;
[45.690s]       |         [01;31m[K~~~~~~~~~~~~~~~~~~~~~~~~~~~~~~~~~~~~~~~~~~~~~~~~~~~[m[K
[45.691s] In file included from [01m[K/opt/ros/humble/include/rclcpp/rclcpp/executors/single_threaded_executor.hpp:28[m[K,
[45.692s]                  from [01m[K/opt/ros/humble/include/rclcpp/rclcpp/executors.hpp:22[m[K,
[45.693s]                  from [01m[K/opt/ros/humble/include/rclcpp/rclcpp/rclcpp.hpp:155[m[K,
[45.695s]                  from [01m[K/home/prez/git/humble-lidar/src/cplusplus_laser_map/src/reading_laser.cpp:1[m[K:
[45.696s] [01m[K/opt/ros/humble/include/rclcpp/rclcpp/node.hpp:219:3:[m[K [01;36m[Knote: [m[Kcandidate: â€˜[01m[Ktemplate<class MessageT, class CallbackT, class AllocatorT, class SubscriptionT, class MessageMemoryStrategyT> std::shared_ptr<ROSMessageT> rclcpp::Node::create_subscription(const string&, const rclcpp::QoS&, CallbackT&&, const rclcpp::SubscriptionOptionsWithAllocator<AllocatorT>&, typename MessageMemoryStrategyT::SharedPtr)[m[Kâ€™
[45.698s]   219 |   [01;36m[Kcreate_subscription[m[K(
[45.700s]       |   [01;36m[K^~~~~~~~~~~~~~~~~~~[m[K
[45.701s] [01m[K/opt/ros/humble/include/rclcpp/rclcpp/node.hpp:219:3:[m[K [01;36m[Knote: [m[K  template argument deduction/substitution failed:
[45.703s] [01m[K/home/prez/git/humble-lidar/src/cplusplus_laser_map/src/reading_laser.cpp:13:46:[m[K [01;36m[Knote: [m[K  couldnâ€™t deduce template parameter â€˜[01m[KMessageT[m[Kâ€™
[45.704s]    13 |     subscription_ = [01;36m[Kthis->create_subscription([m[K
[45.706s]       |                     [01;36m[K~~~~~~~~~~~~~~~~~~~~~~~~~^[m[K
[45.707s]    14 | [01;36m[K        "scan", default_qos,[m[K
[45.709s]       |         [01;36m[K~~~~~~~~~~~~~~~~~~~~[m[K                  
[45.712s]    15 | [01;36m[K        std::bind(&ReadingLaser::topic_callback, this, _1))[m[K;
[45.714s]       |         [01;36m[K~~~~~~~~~~~~~~~~~~~~~~~~~~~~~~~~~~~~~~~~~~~~~~~~~~~[m[K
[45.718s] [01m[K/home/prez/git/humble-lidar/src/cplusplus_laser_map/src/reading_laser.cpp:[m[K In function â€˜[01m[Kint main(int, char**)[m[Kâ€™:
[45.720s] [01m[K/home/prez/git/humble-lidar/src/cplusplus_laser_map/src/reading_laser.cpp:28:31:[m[K [01;31m[Kerror: [m[Kno matching function for call to â€˜[01m[Kmake_shared()[m[Kâ€™
[45.721s]    28 |   auto node = [01;31m[Kstd::make_shared()[m[K;
[45.731s]       |               [01;31m[K~~~~~~~~~~~~~~~~^~[m[K
[45.733s] In file included from [01m[K/usr/include/c++/11/memory:77[m[K,
[45.735s]                  from [01m[K/opt/ros/humble/include/rclcpp/rclcpp/rclcpp.hpp:153[m[K,
[45.736s]                  from [01m[K/home/prez/git/humble-lidar/src/cplusplus_laser_map/src/reading_laser.cpp:1[m[K:
[45.738s] [01m[K/usr/include/c++/11/bits/shared_ptr.h:875:5:[m[K [01;36m[Knote: [m[Kcandidate: â€˜[01m[Ktemplate<class _Tp, class ... _Args> std::shared_ptr<_Tp> std::make_shared(_Args&& ...)[m[Kâ€™
[45.740s]   875 |     [01;36m[Kmake_shared[m[K(_Args&&... __args)
[45.741s]       |     [01;36m[K^~~~~~~~~~~[m[K
[45.743s] [01m[K/usr/include/c++/11/bits/shared_ptr.h:875:5:[m[K [01;36m[Knote: [m[K  template argument deduction/substitution failed:
[45.744s] [01m[K/home/prez/git/humble-lidar/src/cplusplus_laser_map/src/reading_laser.cpp:28:31:[m[K [01;36m[Knote: [m[K  couldnâ€™t deduce template parameter â€˜[01m[K_Tp[m[Kâ€™
[45.746s]    28 |   auto node = [01;36m[Kstd::make_shared()[m[K;
[45.748s]       |               [01;36m[K~~~~~~~~~~~~~~~~^~[m[K
[45.749s] In file included from [01m[K/opt/ros/humble/include/rclcpp/rclcpp/client.hpp:40[m[K,
[45.751s]                  from [01m[K/opt/ros/humble/include/rclcpp/rclcpp/callback_group.hpp:24[m[K,
[45.752s]                  from [01m[K/opt/ros/humble/include/rclcpp/rclcpp/any_executable.hpp:20[m[K,
[45.754s]                  from [01m[K/opt/ros/humble/include/rclcpp/rclcpp/memory_strategy.hpp:25[m[K,
[45.756s]                  from [01m[K/opt/ros/humble/include/rclcpp/rclcpp/memory_strategies.hpp:18[m[K,
[45.757s]                  from [01m[K/opt/ros/humble/include/rclcpp/rclcpp/executor_options.hpp:20[m[K,
[45.759s]                  from [01m[K/opt/ros/humble/include/rclcpp/rclcpp/executor.hpp:37[m[K,
[45.760s]                  from [01m[K/opt/ros/humble/include/rclcpp/rclcpp/executors/multi_threaded_executor.hpp:25[m[K,
[45.762s]                  from [01m[K/opt/ros/humble/include/rclcpp/rclcpp/executors.hpp:21[m[K,
[45.764s]                  from [01m[K/opt/ros/humble/include/rclcpp/rclcpp/rclcpp.hpp:155[m[K,
[45.765s]                  from [01m[K/home/prez/git/humble-lidar/src/cplusplus_laser_map/src/reading_laser.cpp:1[m[K:
[45.766s] [01m[K/home/prez/git/humble-lidar/src/cplusplus_laser_map/src/reading_laser.cpp:29:3:[m[K [01;31m[Kerror: [m[Ktemplate argument 1 is invalid
[45.768s]    29 |   [01;31m[KRCLCPP_INFO[m[K(node->get_logger(), "Hello my friends");
[45.770s]       |   [01;31m[K^~~~~~~~~~~[m[K
[45.771s] [01m[K/home/prez/git/humble-lidar/src/cplusplus_laser_map/src/reading_laser.cpp:29:3:[m[K [01;31m[Kerror: [m[Kâ€˜[01m[K<declaration error>[m[Kâ€™ is not a template [[01;31m[K]8;;https://gcc.gnu.org/onlinedocs/gcc/Warning-Options.html#index-fpermissive-fpermissive]8;;[m[K]
[45.773s]    29 |   [01;31m[KRCLCPP_INFO[m[K(node->get_logger(), "Hello my friends");
[45.775s]       |   [01;31m[K^~~~~~~~~~~[m[K
[45.776s] [01m[K/home/prez/git/humble-lidar/src/cplusplus_laser_map/src/reading_laser.cpp:29:3:[m[K [01;31m[Kerror: [m[Ktemplate argument 1 is invalid
[45.778s]    29 |   [01;31m[KRCLCPP_INFO[m[K(node->get_logger(), "Hello my friends");
[45.781s]       |   [01;31m[K^~~~~~~~~~~[m[K
[45.782s] [01m[K/home/prez/git/humble-lidar/src/cplusplus_laser_map/src/reading_laser.cpp:29:3:[m[K [01;31m[Kerror: [m[Kâ€˜[01m[K<declaration error>[m[Kâ€™ is not a template [[01;31m[K]8;;https://gcc.gnu.org/onlinedocs/gcc/Warning-Options.html#index-fpermissive-fpermissive]8;;[m[K]
[45.784s]    29 |   [01;31m[KRCLCPP_INFO[m[K(node->get_logger(), "Hello my friends");
[45.785s]       |   [01;31m[K^~~~~~~~~~~[m[K
[45.787s] [01m[K/home/prez/git/humble-lidar/src/cplusplus_laser_map/src/reading_laser.cpp:29:3:[m[K [01;31m[Kerror: [m[Ktemplate argument 1 is invalid
[45.788s]    29 |   [01;31m[KRCLCPP_INFO[m[K(node->get_logger(), "Hello my friends");
[45.790s]       |   [01;31m[K^~~~~~~~~~~[m[K
[49.331s] gmake[2]: *** [CMakeFiles/reading_laser.dir/build.make:76: CMakeFiles/reading_laser.dir/src/reading_laser.cpp.o] Error 1
[49.332s] gmake[1]: *** [CMakeFiles/Makefile2:137: CMakeFiles/reading_laser.dir/all] Error 2
[49.334s] gmake: *** [Makefile:146: all] Error 2
[49.340s] Invoked command in '/home/prez/git/humble-lidar/build/cplusplus_laser_map' returned '2': CMAKE_PREFIX_PATH=${CMAKE_PREFIX_PATH}:/home/prez/git/c++lidar-project/install/py_pubsub:/home/prez/git/c++lidar-project/install/motor_package:/home/prez/git/c++lidar-project/install/ir_package:/home/prez/ros2_ws/install/py_pubsub:/home/prez/ros2_ws/install/my_package:/home/prez/ros2_ws/install/launch_testing_examples:/home/prez/ros2_ws/install/examples_rclpy_pointcloud_publisher:/home/prez/ros2_ws/install/examples_rclpy_minimal_subscriber:/home/prez/ros2_ws/install/examples_rclpy_minimal_service:/home/prez/ros2_ws/install/examples_rclpy_minimal_publisher:/home/prez/ros2_ws/install/examples_rclpy_minimal_client:/home/prez/ros2_ws/install/examples_rclpy_minimal_action_server:/home/prez/ros2_ws/install/examples_rclpy_minimal_action_client:/home/prez/ros2_ws/install/examples_rclpy_guard_conditions:/home/prez/ros2_ws/install/examples_rclpy_executors:/opt/ros/humble /usr/bin/cmake --build /home/prez/git/humble-lidar/build/cplusplus_laser_map -- -j4 -l4
